Using pre-set license
Built from '2020.3/staging' branch; Version is '2020.3.11f1 (99c7afb366b3) revision 10078127'; Using compiler version '192528614'; Build Type 'Release'
OS: 'Windows 10 Home; OS build 19043.1466; Version 2009; 64bit' Language: 'es' Physical Memory: 16326 MB
BatchMode: 1, IsHumanControllingUs: 0, StartBugReporterOnCrash: 0, Is64bit: 1, IsPro: 0

 COMMAND LINE ARGUMENTS:
C:\Users\cesar\Documents\Unity_Editors\2020.3.11f1\Editor\Unity.exe
-adb2
-batchMode
-noUpm
-name
AssetImportWorker0
-projectPath
F:/Documentos/Unity_Projects/Proyect_Tetris
-logFile
Logs/AssetImportWorker0.log
-srvPort
60448
Successfully changed project path to: F:/Documentos/Unity_Projects/Proyect_Tetris
F:/Documentos/Unity_Projects/Proyect_Tetris
Using Asset Import Pipeline V2.
Refreshing native plugins compatible for Editor in 65.64 ms, found 3 plugins.
Preloading 0 native plugins for Editor in 0.00 ms.
Initialize engine version: 2020.3.11f1 (99c7afb366b3)
[Subsystems] Discovering subsystems at path C:/Users/cesar/Documents/Unity_Editors/2020.3.11f1/Editor/Data/Resources/UnitySubsystems
[Subsystems] Discovering subsystems at path F:/Documentos/Unity_Projects/Proyect_Tetris/Assets
GfxDevice: creating device client; threaded=0
Direct3D:
    Version:  Direct3D 11.0 [level 11.1]
    Renderer: NVIDIA GeForce GTX 1060 3GB (ID=0x1c02)
    Vendor:   
    VRAM:     2988 MB
    Driver:   30.0.14.9709
Initialize mono
Mono path[0] = 'C:/Users/cesar/Documents/Unity_Editors/2020.3.11f1/Editor/Data/Managed'
Mono path[1] = 'C:/Users/cesar/Documents/Unity_Editors/2020.3.11f1/Editor/Data/MonoBleedingEdge/lib/mono/unityjit'
Mono config path = 'C:/Users/cesar/Documents/Unity_Editors/2020.3.11f1/Editor/Data/MonoBleedingEdge/etc'
Using monoOptions --debugger-agent=transport=dt_socket,embedding=1,server=y,suspend=n,address=127.0.0.1:56840
Begin MonoManager ReloadAssembly
Registering precompiled unity dll's ...
Register platform support module: C:/Users/cesar/Documents/Unity_Editors/2020.3.11f1/Editor/Data/PlaybackEngines/WindowsStandaloneSupport/UnityEditor.WindowsStandalone.Extensions.dll
Registered in 0.005382 seconds.
Native extension for WindowsStandalone target not found
Refreshing native plugins compatible for Editor in 107.69 ms, found 3 plugins.
Preloading 0 native plugins for Editor in 0.00 ms.
Mono: successfully reloaded assembly
- Completed reload, in  3.707 seconds
Platform modules already initialized, skipping
Registering precompiled user dll's ...
Registered in 0.021429 seconds.
Begin MonoManager ReloadAssembly
Native extension for WindowsStandalone target not found
Refreshing native plugins compatible for Editor in 56.38 ms, found 3 plugins.
Preloading 0 native plugins for Editor in 0.00 ms.
Mono: successfully reloaded assembly
- Completed reload, in  2.512 seconds
Platform modules already initialized, skipping
========================================================================
Worker process is ready to serve import requests
Launched and connected shader compiler UnityShaderCompiler.exe after 0.05 seconds
Refreshing native plugins compatible for Editor in 0.47 ms, found 3 plugins.
Preloading 0 native plugins for Editor in 0.00 ms.
Unloading 2135 Unused Serialized files (Serialized files now loaded: 0)
System memory in use before: 97.8 MB.
System memory in use after: 97.8 MB.

Unloading 32 unused Assets to reduce memory usage. Loaded Objects now: 2578.
Total: 2.351800 ms (FindLiveObjects: 0.208400 ms CreateObjectMapping: 0.091600 ms MarkObjects: 1.918400 ms  DeleteObjects: 0.132500 ms)

========================================================================
Received Import Request.
  path: Assets/Scripts/GameCtrlScr.cs
  artifactKey: Guid(b1c9af31bde2c7b4fa3cdb349e4ba55d) Importer(815301076,1909f56bfc062723c751e8b465ee728b)
Start importing Assets/Scripts/GameCtrlScr.cs using Guid(b1c9af31bde2c7b4fa3cdb349e4ba55d) Importer(815301076,1909f56bfc062723c751e8b465ee728b)  -> (artifact id: 'fa8c67eda87e791632a8ad54f621475d') in 0.037977 seconds
  Import took 0.050709 seconds .

========================================================================
Received Prepare
Registering precompiled user dll's ...
Registered in 0.009774 seconds.
Begin MonoManager ReloadAssembly
Native extension for WindowsStandalone target not found
Refreshing native plugins compatible for Editor in 0.50 ms, found 3 plugins.
Preloading 0 native plugins for Editor in 0.00 ms.
Mono: successfully reloaded assembly
- Completed reload, in  1.338 seconds
Platform modules already initialized, skipping
Refreshing native plugins compatible for Editor in 0.52 ms, found 3 plugins.
Preloading 0 native plugins for Editor in 0.00 ms.
Unloading 2117 Unused Serialized files (Serialized files now loaded: 0)
System memory in use before: 96.5 MB.
System memory in use after: 96.5 MB.

Unloading 21 unused Assets to reduce memory usage. Loaded Objects now: 2582.
Total: 2.909800 ms (FindLiveObjects: 0.230600 ms CreateObjectMapping: 0.151400 ms MarkObjects: 2.335800 ms  DeleteObjects: 0.191000 ms)

========================================================================
Received Import Request.
  Time since last request: 382.625976 seconds.
  path: Assets/Scripts/GameCtrlScr.cs
  artifactKey: Guid(b1c9af31bde2c7b4fa3cdb349e4ba55d) Importer(815301076,1909f56bfc062723c751e8b465ee728b)
Start importing Assets/Scripts/GameCtrlScr.cs using Guid(b1c9af31bde2c7b4fa3cdb349e4ba55d) Importer(815301076,1909f56bfc062723c751e8b465ee728b)  -> (artifact id: 'ae4d92d264032adee3bc437df056bb67') in 0.011130 seconds
  Import took 0.016028 seconds .

========================================================================
Received Import Request.
  Time since last request: 0.040845 seconds.
  path: Assets/Scripts/GameCtrlScr.cs
  artifactKey: Guid(b1c9af31bde2c7b4fa3cdb349e4ba55d) Importer(815301076,1909f56bfc062723c751e8b465ee728b)
Start importing Assets/Scripts/GameCtrlScr.cs using Guid(b1c9af31bde2c7b4fa3cdb349e4ba55d) Importer(815301076,1909f56bfc062723c751e8b465ee728b)  -> (artifact id: 'ae4d92d264032adee3bc437df056bb67') in 0.009110 seconds
  Import took 0.013484 seconds .

========================================================================
Received Prepare
Registering precompiled user dll's ...
Registered in 0.006333 seconds.
Begin MonoManager ReloadAssembly
Native extension for WindowsStandalone target not found
Refreshing native plugins compatible for Editor in 0.51 ms, found 3 plugins.
Preloading 0 native plugins for Editor in 0.00 ms.
Mono: successfully reloaded assembly
- Completed reload, in  1.272 seconds
Platform modules already initialized, skipping
Refreshing native plugins compatible for Editor in 0.49 ms, found 3 plugins.
Preloading 0 native plugins for Editor in 0.00 ms.
Unloading 2117 Unused Serialized files (Serialized files now loaded: 0)
System memory in use before: 96.5 MB.
System memory in use after: 96.5 MB.

Unloading 21 unused Assets to reduce memory usage. Loaded Objects now: 2586.
Total: 2.435500 ms (FindLiveObjects: 0.201900 ms CreateObjectMapping: 0.090700 ms MarkObjects: 2.027000 ms  DeleteObjects: 0.114800 ms)

========================================================================
Received Import Request.
  Time since last request: 25.121904 seconds.
  path: Assets/Scripts/GameCtrlScr.cs
  artifactKey: Guid(b1c9af31bde2c7b4fa3cdb349e4ba55d) Importer(815301076,1909f56bfc062723c751e8b465ee728b)
Start importing Assets/Scripts/GameCtrlScr.cs using Guid(b1c9af31bde2c7b4fa3cdb349e4ba55d) Importer(815301076,1909f56bfc062723c751e8b465ee728b)  -> (artifact id: '18a9d20cba987a0d583efbea3ffe7940') in 0.007129 seconds
  Import took 0.011242 seconds .

========================================================================
Received Prepare
Registering precompiled user dll's ...
Registered in 0.006844 seconds.
Begin MonoManager ReloadAssembly
Native extension for WindowsStandalone target not found
Refreshing native plugins compatible for Editor in 0.52 ms, found 3 plugins.
Preloading 0 native plugins for Editor in 0.00 ms.
Mono: successfully reloaded assembly
- Completed reload, in  1.694 seconds
Platform modules already initialized, skipping
Refreshing native plugins compatible for Editor in 0.51 ms, found 3 plugins.
Preloading 0 native plugins for Editor in 0.00 ms.
Unloading 2117 Unused Serialized files (Serialized files now loaded: 0)
System memory in use before: 96.6 MB.
System memory in use after: 96.6 MB.

Unloading 21 unused Assets to reduce memory usage. Loaded Objects now: 2590.
Total: 2.973300 ms (FindLiveObjects: 0.236000 ms CreateObjectMapping: 0.167600 ms MarkObjects: 2.417000 ms  DeleteObjects: 0.151500 ms)

========================================================================
Received Import Request.
  Time since last request: 1444.532886 seconds.
  path: Assets/Scenes/Normal_Game Scene.unity
  artifactKey: Guid(2e48e7f1b96972b40b956cdfaf229804) Importer(815301076,1909f56bfc062723c751e8b465ee728b)
Start importing Assets/Scenes/Normal_Game Scene.unity using Guid(2e48e7f1b96972b40b956cdfaf229804) Importer(815301076,1909f56bfc062723c751e8b465ee728b)  -> (artifact id: '172992fa3141d55c00fb381701935e06') in 0.029255 seconds
  Import took 0.033363 seconds .

========================================================================
Received Import Request.
  Time since last request: 0.805725 seconds.
  path: Assets/Scenes/SampleScene.unity
  artifactKey: Guid(2cda990e2423bbf4892e6590ba056729) Importer(815301076,1909f56bfc062723c751e8b465ee728b)
Start importing Assets/Scenes/SampleScene.unity using Guid(2cda990e2423bbf4892e6590ba056729) Importer(815301076,1909f56bfc062723c751e8b465ee728b)  -> (artifact id: 'aa27944bdea339c97c39027c7eea529c') in 0.010097 seconds
  Import took 0.014219 seconds .

========================================================================
Received Import Request.
  Time since last request: 54.725581 seconds.
  path: Assets/Scripts/GameCtrlScr.cs
  artifactKey: Guid(b1c9af31bde2c7b4fa3cdb349e4ba55d) Importer(815301076,1909f56bfc062723c751e8b465ee728b)
Start importing Assets/Scripts/GameCtrlScr.cs using Guid(b1c9af31bde2c7b4fa3cdb349e4ba55d) Importer(815301076,1909f56bfc062723c751e8b465ee728b)  -> (artifact id: '687906d08292827a72bf1acefe773aaa') in 0.004133 seconds
  Import took 0.008663 seconds .

========================================================================
Received Import Request.
  Time since last request: 0.002618 seconds.
  path: Assets/Scripts/GameCtrlScr.cs
  artifactKey: Guid(b1c9af31bde2c7b4fa3cdb349e4ba55d) Importer(815301076,1909f56bfc062723c751e8b465ee728b)
Start importing Assets/Scripts/GameCtrlScr.cs using Guid(b1c9af31bde2c7b4fa3cdb349e4ba55d) Importer(815301076,1909f56bfc062723c751e8b465ee728b)  -> (artifact id: '687906d08292827a72bf1acefe773aaa') in 0.003768 seconds
  Import took 0.008264 seconds .

========================================================================
Received Prepare
Registering precompiled user dll's ...
Registered in 0.006919 seconds.
Begin MonoManager ReloadAssembly
Native extension for WindowsStandalone target not found
Refreshing native plugins compatible for Editor in 0.51 ms, found 3 plugins.
Preloading 0 native plugins for Editor in 0.00 ms.
Mono: successfully reloaded assembly
- Completed reload, in  1.314 seconds
Platform modules already initialized, skipping
Refreshing native plugins compatible for Editor in 0.56 ms, found 3 plugins.
Preloading 0 native plugins for Editor in 0.00 ms.
Unloading 2117 Unused Serialized files (Serialized files now loaded: 0)
System memory in use before: 96.6 MB.
System memory in use after: 96.6 MB.

Unloading 21 unused Assets to reduce memory usage. Loaded Objects now: 2594.
Total: 3.188700 ms (FindLiveObjects: 0.256300 ms CreateObjectMapping: 0.170000 ms MarkObjects: 2.634300 ms  DeleteObjects: 0.126700 ms)

========================================================================
Received Import Request.
  Time since last request: 62.404835 seconds.
  path: Assets/Scripts/GameCtrlScr.cs
  artifactKey: Guid(b1c9af31bde2c7b4fa3cdb349e4ba55d) Importer(815301076,1909f56bfc062723c751e8b465ee728b)
Start importing Assets/Scripts/GameCtrlScr.cs using Guid(b1c9af31bde2c7b4fa3cdb349e4ba55d) Importer(815301076,1909f56bfc062723c751e8b465ee728b)  -> (artifact id: 'e868ae7eb37f1dfaa6413ae52c970df2') in 0.007318 seconds
  Import took 0.012587 seconds .

========================================================================
Received Import Request.
  Time since last request: 0.001614 seconds.
  path: Assets/Scripts/GameCtrlScr.cs
  artifactKey: Guid(b1c9af31bde2c7b4fa3cdb349e4ba55d) Importer(815301076,1909f56bfc062723c751e8b465ee728b)
Start importing Assets/Scripts/GameCtrlScr.cs using Guid(b1c9af31bde2c7b4fa3cdb349e4ba55d) Importer(815301076,1909f56bfc062723c751e8b465ee728b)  -> (artifact id: 'e868ae7eb37f1dfaa6413ae52c970df2') in 0.004658 seconds
  Import took 0.009121 seconds .

========================================================================
Received Prepare
Registering precompiled user dll's ...
Registered in 0.006567 seconds.
Begin MonoManager ReloadAssembly
Native extension for WindowsStandalone target not found
Refreshing native plugins compatible for Editor in 0.52 ms, found 3 plugins.
Preloading 0 native plugins for Editor in 0.00 ms.
Mono: successfully reloaded assembly
- Completed reload, in  1.360 seconds
Platform modules already initialized, skipping
Refreshing native plugins compatible for Editor in 0.51 ms, found 3 plugins.
Preloading 0 native plugins for Editor in 0.00 ms.
Unloading 2117 Unused Serialized files (Serialized files now loaded: 0)
System memory in use before: 96.6 MB.
System memory in use after: 96.6 MB.

Unloading 21 unused Assets to reduce memory usage. Loaded Objects now: 2598.
Total: 2.971100 ms (FindLiveObjects: 0.233400 ms CreateObjectMapping: 0.148900 ms MarkObjects: 2.451700 ms  DeleteObjects: 0.136100 ms)

========================================================================
Received Prepare
Refreshing native plugins compatible for Editor in 6.28 ms, found 3 plugins.
Preloading 0 native plugins for Editor in 0.00 ms.
Unloading 19 Unused Serialized files (Serialized files now loaded: 0)
System memory in use before: 55.2 MB.
System memory in use after: 55.2 MB.

Unloading 19 unused Assets to reduce memory usage. Loaded Objects now: 2598.
Total: 2.557300 ms (FindLiveObjects: 0.206700 ms CreateObjectMapping: 0.100000 ms MarkObjects: 2.062400 ms  DeleteObjects: 0.186900 ms)

AssetImportWorkerClient::OnTransportError - code=2 error=End of file
